[    58.581] (--) Log file renamed from "/home/ubuntu18/.local/share/xorg/Xorg.pid-1457.log" to "/home/ubuntu18/.local/share/xorg/Xorg.0.log"
[    58.585] 
X.Org X Server 1.20.8
X Protocol Version 11, Revision 0
[    58.586] Build Operating System: Linux 4.4.0-184-generic x86_64 Ubuntu
[    58.586] Current Operating System: Linux ubuntu 5.4.0-42-generic #46~18.04.1-Ubuntu SMP Fri Jul 10 07:21:24 UTC 2020 x86_64
[    58.586] Kernel command line: BOOT_IMAGE=/boot/vmlinuz-5.4.0-42-generic root=UUID=9234ed78-7b78-4255-b97f-80b61958dcd8 ro find_preseed=/preseed.cfg auto noprompt priority=critical locale=en_US quiet
[    58.586] Build Date: 03 July 2020  07:00:25AM
[    58.586] xorg-server-hwe-18.04 2:1.20.8-2ubuntu2.2~18.04.1 (For technical support please see http://www.ubuntu.com/support) 
[    58.586] Current version of pixman: 0.34.0
[    58.586] 	Before reporting problems, check http://wiki.x.org
	to make sure that you have the latest version.
[    58.586] Markers: (--) probed, (**) from config file, (==) default setting,
	(++) from command line, (!!) notice, (II) informational,
	(WW) warning, (EE) error, (NI) not implemented, (??) unknown.
[    58.586] (==) Log file: "/home/ubuntu18/.local/share/xorg/Xorg.0.log", Time: Tue Feb 23 19:07:27 2021
[    58.620] (==) Using system config directory "/usr/share/X11/xorg.conf.d"
[    58.672] (==) No Layout section.  Using the first Screen section.
[    58.672] (==) No screen section available. Using defaults.
[    58.672] (**) |-->Screen "Default Screen Section" (0)
[    58.672] (**) |   |-->Monitor "<default monitor>"
[    58.688] (==) No monitor specified for screen "Default Screen Section".
	Using a default monitor configuration.
[    58.688] (==) Automatically adding devices
[    58.688] (==) Automatically enabling devices
[    58.688] (==) Automatically adding GPU devices
[    58.688] (==) Automatically binding GPU devices
[    58.688] (==) Max clients allowed: 256, resource mask: 0x1fffff
[    58.688] (WW) The directory "/usr/share/fonts/X11/cyrillic" does not exist.
[    58.688] 	Entry deleted from font path.
[    58.689] (WW) The directory "/usr/share/fonts/X11/100dpi/" does not exist.
[    58.689] 	Entry deleted from font path.
[    58.689] (WW) The directory "/usr/share/fonts/X11/75dpi/" does not exist.
[    58.689] 	Entry deleted from font path.
[    58.689] (WW) The directory "/usr/share/fonts/X11/100dpi" does not exist.
[    58.690] 	Entry deleted from font path.
[    58.690] (WW) The directory "/usr/share/fonts/X11/75dpi" does not exist.
[    58.690] 	Entry deleted from font path.
[    58.690] (==) FontPath set to:
	/usr/share/fonts/X11/misc,
	/usr/share/fonts/X11/Type1,
	built-ins
[    58.690] (==) ModulePath set to "/usr/lib/xorg/modules"
[    58.691] (II) The server relies on udev to provide the list of input devices.
	If no devices become available, reconfigure udev or disable AutoAddDevices.
[    58.691] (II) Loader magic: 0x564f925a6020
[    58.691] (II) Module ABI versions:
[    58.691] 	X.Org ANSI C Emulation: 0.4
[    58.691] 	X.Org Video Driver: 24.1
[    58.691] 	X.Org XInput driver : 24.1
[    58.691] 	X.Org Server Extension : 10.0
[    58.696] (++) using VT number 2

[    58.707] (II) systemd-logind: took control of session /org/freedesktop/login1/session/_32
[    58.710] (II) xfree86: Adding drm device (/dev/dri/card0)
[    58.714] (II) systemd-logind: got fd for /dev/dri/card0 226:0 fd 12 paused 0
[    58.731] (--) PCI:*(0@0:15:0) 15ad:0405:15ad:0405 rev 0, Mem @ 0xe8000000/134217728, 0xfe000000/8388608, I/O @ 0x00001070/16, BIOS @ 0x????????/131072
[    58.732] (II) LoadModule: "glx"
[    58.752] (II) Loading /usr/lib/xorg/modules/extensions/libglx.so
[    58.766] (II) Module glx: vendor="X.Org Foundation"
[    58.766] 	compiled for 1.20.8, module version = 1.0.0
[    58.767] 	ABI class: X.Org Server Extension, version 10.0
[    58.768] (==) Matched vmware as autoconfigured driver 0
[    58.768] (==) Matched modesetting as autoconfigured driver 1
[    58.768] (==) Matched fbdev as autoconfigured driver 2
[    58.770] (==) Matched vesa as autoconfigured driver 3
[    58.770] (==) Assigned the driver to the xf86ConfigLayout
[    58.770] (II) LoadModule: "vmware"
[    58.772] (II) Loading /usr/lib/xorg/modules/drivers/vmware_drv.so
[    58.892] (II) Module vmware: vendor="X.Org Foundation"
[    58.892] 	compiled for 1.20.1, module version = 13.3.0
[    58.893] 	Module class: X.Org Video Driver
[    58.893] 	ABI class: X.Org Video Driver, version 24.0
[    58.893] (II) LoadModule: "modesetting"
[    58.894] (II) Loading /usr/lib/xorg/modules/drivers/modesetting_drv.so
[    58.908] (II) Module modesetting: vendor="X.Org Foundation"
[    58.908] 	compiled for 1.20.8, module version = 1.20.8
[    58.909] 	Module class: X.Org Video Driver
[    58.909] 	ABI class: X.Org Video Driver, version 24.1
[    58.909] (II) LoadModule: "fbdev"
[    58.910] (II) Loading /usr/lib/xorg/modules/drivers/fbdev_drv.so
[    58.925] (II) Module fbdev: vendor="X.Org Foundation"
[    58.925] 	compiled for 1.20.1, module version = 0.5.0
[    58.926] 	Module class: X.Org Video Driver
[    58.926] 	ABI class: X.Org Video Driver, version 24.0
[    58.927] (II) LoadModule: "vesa"
[    58.928] (II) Loading /usr/lib/xorg/modules/drivers/vesa_drv.so
[    58.931] (II) Module vesa: vendor="X.Org Foundation"
[    58.931] 	compiled for 1.20.1, module version = 2.4.0
[    58.932] 	Module class: X.Org Video Driver
[    58.933] 	ABI class: X.Org Video Driver, version 24.0
[    58.933] (II) vmware: driver for VMware SVGA: vmware0405, vmware0710
[    58.934] (II) modesetting: Driver for Modesetting Kernel Drivers: kms
[    58.934] (II) FBDEV: driver for framebuffer: fbdev
[    58.935] (II) VESA: driver for VESA chipsets: vesa
[    58.935] xf86EnableIOPorts: failed to set IOPL for I/O (Operation not permitted)
[    58.936] (WW) Falling back to old probe method for modesetting
[    58.936] (WW) Falling back to old probe method for fbdev
[    58.937] (II) Loading sub module "fbdevhw"
[    58.937] (II) LoadModule: "fbdevhw"
[    58.938] (II) Loading /usr/lib/xorg/modules/libfbdevhw.so
[    58.951] (II) Module fbdevhw: vendor="X.Org Foundation"
[    58.951] 	compiled for 1.20.8, module version = 0.0.2
[    58.952] 	ABI class: X.Org Video Driver, version 24.1
[    58.953] (EE) open /dev/fb0: Permission denied
[    58.953] (WW) VGA arbiter: cannot open kernel arbiter, no multi-card support
[    58.953] (II) vmware(0): Creating default Display subsection in Screen section
	"Default Screen Section" for depth/fbbpp 24/32
[    58.954] (--) vmware(0): DRM driver version is 2.15.0
[    58.954] (==) vmware(0): Depth 24, (--) framebuffer bpp 32
[    58.954] (==) vmware(0): RGB weight 888
[    58.954] (==) vmware(0): Default visual is TrueColor
[    58.954] (--) vmware(0): Min width 1, Max Width 16384.
[    58.954] (--) vmware(0): Min height 1, Max Height 16384.
[    58.955] (II) vmware(0): Output Virtual1 has no monitor section
[    58.955] (II) vmware(0): Output Virtual2 has no monitor section
[    58.955] (II) vmware(0): Output Virtual3 has no monitor section
[    58.955] (II) vmware(0): Output Virtual4 has no monitor section
[    58.955] (II) vmware(0): Output Virtual5 has no monitor section
[    58.955] (II) vmware(0): Output Virtual6 has no monitor section
[    58.956] (II) vmware(0): Output Virtual7 has no monitor section
[    58.956] (II) vmware(0): Output Virtual8 has no monitor section
[    58.956] (II) vmware(0): Printing probed modes for output Virtual1
[    58.956] (II) vmware(0): Modeline "800x600"x60.0   42.75  800 850 900 950  600 650 700 750 -hsync +vsync (45.0 kHz eP)
[    58.956] (II) vmware(0): Modeline "2560x1600"x60.0  348.50  2560 2752 3032 3504  1600 1603 1609 1658 -hsync +vsync (99.5 kHz e)
[    58.956] (II) vmware(0): Modeline "1920x1440"x60.0  234.00  1920 2048 2256 2600  1440 1441 1444 1500 -hsync +vsync (90.0 kHz e)
[    58.956] (II) vmware(0): Modeline "1856x1392"x60.0  218.25  1856 1952 2176 2528  1392 1393 1396 1439 -hsync +vsync (86.3 kHz e)
[    58.956] (II) vmware(0): Modeline "1792x1344"x60.0  204.75  1792 1920 2120 2448  1344 1345 1348 1394 -hsync +vsync (83.6 kHz e)
[    58.956] (II) vmware(0): Modeline "1920x1200"x59.9  193.25  1920 2056 2256 2592  1200 1203 1209 1245 -hsync +vsync (74.6 kHz e)
[    58.956] (II) vmware(0): Modeline "1600x1200"x60.0  162.00  1600 1664 1856 2160  1200 1201 1204 1250 +hsync +vsync (75.0 kHz e)
[    58.956] (II) vmware(0): Modeline "1680x1050"x60.0  146.25  1680 1784 1960 2240  1050 1053 1059 1089 -hsync +vsync (65.3 kHz e)
[    58.956] (II) vmware(0): Modeline "1400x1050"x60.0  121.75  1400 1488 1632 1864  1050 1053 1057 1089 -hsync +vsync (65.3 kHz e)
[    58.956] (II) vmware(0): Modeline "1280x1024"x60.0  108.00  1280 1328 1440 1688  1024 1025 1028 1066 +hsync +vsync (64.0 kHz e)
[    58.956] (II) vmware(0): Modeline "1440x900"x59.9  106.50  1440 1520 1672 1904  900 903 909 934 -hsync +vsync (55.9 kHz e)
[    58.956] (II) vmware(0): Modeline "1280x960"x60.0  108.00  1280 1376 1488 1800  960 961 964 1000 +hsync +vsync (60.0 kHz e)
[    58.956] (II) vmware(0): Modeline "1360x768"x60.0   85.50  1360 1424 1536 1792  768 771 777 795 +hsync +vsync (47.7 kHz e)
[    58.956] (II) vmware(0): Modeline "1280x800"x59.8   83.50  1280 1352 1480 1680  800 803 809 831 +hsync -vsync (49.7 kHz e)
[    58.956] (II) vmware(0): Modeline "1152x864"x75.0  108.00  1152 1216 1344 1600  864 865 868 900 +hsync +vsync (67.5 kHz e)
[    58.956] (II) vmware(0): Modeline "1280x768"x59.9   79.50  1280 1344 1472 1664  768 771 778 798 -hsync +vsync (47.8 kHz e)
[    58.956] (II) vmware(0): Modeline "1024x768"x60.0   65.00  1024 1048 1184 1344  768 771 777 806 -hsync -vsync (48.4 kHz e)
[    58.956] (II) vmware(0): Modeline "800x600"x60.3   40.00  800 840 968 1056  600 601 605 628 +hsync +vsync (37.9 kHz e)
[    58.956] (II) vmware(0): Modeline "640x480"x59.9   25.18  640 656 752 800  480 489 492 525 -hsync -vsync (31.5 kHz e)
[    58.956] (II) vmware(0): EDID for output Virtual2
[    58.957] (II) vmware(0): EDID for output Virtual3
[    58.957] (II) vmware(0): EDID for output Virtual4
[    58.957] (II) vmware(0): EDID for output Virtual5
[    58.957] (II) vmware(0): EDID for output Virtual6
[    58.957] (II) vmware(0): EDID for output Virtual7
[    58.957] (II) vmware(0): EDID for output Virtual8
[    58.957] (II) vmware(0): Output Virtual1 connected
[    58.957] (II) vmware(0): Output Virtual2 disconnected
[    58.957] (II) vmware(0): Output Virtual3 disconnected
[    58.957] (II) vmware(0): Output Virtual4 disconnected
[    58.957] (II) vmware(0): Output Virtual5 disconnected
[    58.957] (II) vmware(0): Output Virtual6 disconnected
[    58.957] (II) vmware(0): Output Virtual7 disconnected
[    58.957] (II) vmware(0): Output Virtual8 disconnected
[    58.957] (II) vmware(0): Using exact sizes for initial modes
[    58.957] (II) vmware(0): Output Virtual1 using initial mode 800x600 +0+0
[    58.957] (==) vmware(0): DPI set to (96, 96)
[    58.957] (==) vmware(0): Using gamma correction (1.0, 1.0, 1.0)
[    58.957] (II) Loading sub module "fb"
[    58.957] (II) LoadModule: "fb"
[    58.958] (II) Loading /usr/lib/xorg/modules/libfb.so
[    58.965] (II) Module fb: vendor="X.Org Foundation"
[    58.965] 	compiled for 1.20.8, module version = 1.0.0
[    58.965] 	ABI class: X.Org ANSI C Emulation, version 0.4
[    58.965] (II) Loading sub module "dri2"
[    58.965] (II) LoadModule: "dri2"
[    58.966] (II) Module "dri2" already built-in
[    58.966] (II) Loading sub module "dri3"
[    58.966] (II) LoadModule: "dri3"
[    58.966] (II) Module "dri3" already built-in
[    58.966] (II) UnloadModule: "modesetting"
[    58.966] (II) Unloading modesetting
[    58.966] (II) UnloadModule: "fbdev"
[    58.966] (II) Unloading fbdev
[    58.966] (II) UnloadSubModule: "fbdevhw"
[    58.966] (II) Unloading fbdevhw
[    58.966] (II) UnloadModule: "vesa"
[    58.966] (II) Unloading vesa
[    58.990] (II) vmware(0): Initialized VMWARE_CTRL extension version 0.2
[    59.092] (II) vmware(0): Gallium3D XA version: 2.5.0.
[    59.092] (II) vmware(0): Path of drm device is "/dev/dri/card0".
[    59.092] (II) vmware(0): [DRI2] Setup complete
[    59.092] (II) vmware(0): [DRI2]   DRI driver: vmwgfx
[    59.684] (--) vmware(0): Render acceleration is enabled.
[    59.684] (==) vmware(0): Rendercheck mode is disabled.
[    59.684] (--) vmware(0): Direct rendering (DRI2 3D) is enabled.
[    59.684] (--) vmware(0): Direct rendering (DRI3 3D) is enabled.
[    59.684] (==) vmware(0): Direct presents are disabled.
[    59.684] (==) vmware(0): Hardware only presents are automatic per scanout.
[    59.685] (==) vmware(0): Backing store enabled
[    59.685] (==) vmware(0): Silken mouse enabled
[    59.688] (==) vmware(0): DPMS enabled
[    59.688] (II) Initializing extension Generic Event Extension
[    59.689] (II) Initializing extension SHAPE
[    59.689] (II) Initializing extension MIT-SHM
[    59.689] (II) Initializing extension XInputExtension
[    59.691] (II) Initializing extension XTEST
[    59.692] (II) Initializing extension BIG-REQUESTS
[    59.692] (II) Initializing extension SYNC
[    59.692] (II) Initializing extension XKEYBOARD
[    59.693] (II) Initializing extension XC-MISC
[    59.693] (II) Initializing extension SECURITY
[    59.693] (II) Initializing extension XFIXES
[    59.693] (II) Initializing extension RENDER
[    59.694] (II) Initializing extension RANDR
[    59.694] (II) Initializing extension COMPOSITE
[    59.694] (II) Initializing extension DAMAGE
[    59.695] (II) Initializing extension MIT-SCREEN-SAVER
[    59.695] (II) Initializing extension DOUBLE-BUFFER
[    59.695] (II) Initializing extension RECORD
[    59.695] (II) Initializing extension DPMS
[    59.696] (II) Initializing extension Present
[    59.696] (II) Initializing extension DRI3
[    59.696] (II) Initializing extension X-Resource
[    59.696] (II) Initializing extension XVideo
[    59.696] (II) Initializing extension XVideo-MotionCompensation
[    59.696] (II) Initializing extension SELinux
[    59.696] (II) SELinux: Disabled on system
[    59.696] (II) Initializing extension GLX
[    59.732] (II) AIGLX: Loaded and initialized vmwgfx
[    59.732] (II) GLX: Initialized DRI2 GL provider for screen 0
[    59.732] (II) Initializing extension XFree86-VidModeExtension
[    59.732] (II) Initializing extension XFree86-DGA
[    59.732] (II) Initializing extension XFree86-DRI
[    59.732] (II) Initializing extension DRI2
[    59.737] (II) vmware(0): Setting screen physical size to 211 x 158
[    59.807] (II) config/udev: Adding input device Power Button (/dev/input/event0)
[    59.807] (**) Power Button: Applying InputClass "libinput keyboard catchall"
[    59.807] (II) LoadModule: "libinput"
[    59.807] (II) Loading /usr/lib/xorg/modules/input/libinput_drv.so
[    59.810] (II) Module libinput: vendor="X.Org Foundation"
[    59.810] 	compiled for 1.20.1, module version = 0.28.1
[    59.810] 	Module class: X.Org XInput Driver
[    59.810] 	ABI class: X.Org XInput driver, version 24.1
[    59.811] (II) Using input driver 'libinput' for 'Power Button'
[    59.813] (II) systemd-logind: got fd for /dev/input/event0 13:64 fd 24 paused 0
[    59.815] (**) Power Button: always reports core events
[    59.815] (**) Option "Device" "/dev/input/event0"
[    59.816] (**) Option "_source" "server/udev"
[    59.818] (II) event0  - Power Button: is tagged by udev as: Keyboard
[    59.819] (II) event0  - Power Button: device is a keyboard
[    59.819] (II) event0  - Power Button: device removed
[    59.819] (**) Option "config_info" "udev:/sys/devices/LNXSYSTM:00/LNXPWRBN:00/input/input0/event0"
[    59.820] (II) XINPUT: Adding extended input device "Power Button" (type: KEYBOARD, id 6)
[    59.820] (**) Option "xkb_layout" "us,ru"
[    59.821] (**) Option "xkb_variant" ","
[    59.886] (II) event0  - Power Button: is tagged by udev as: Keyboard
[    59.886] (II) event0  - Power Button: device is a keyboard
[    59.889] (II) config/udev: Adding input device VMware VMware Virtual USB Mouse (/dev/input/event4)
[    59.889] (**) VMware VMware Virtual USB Mouse: Applying InputClass "libinput pointer catchall"
[    59.890] (II) Using input driver 'libinput' for 'VMware VMware Virtual USB Mouse'
[    59.952] (II) systemd-logind: got fd for /dev/input/event4 13:68 fd 27 paused 0
[    59.953] (**) VMware VMware Virtual USB Mouse: always reports core events
[    59.953] (**) Option "Device" "/dev/input/event4"
[    59.954] (**) Option "_source" "server/udev"
[    59.961] (II) event4  - VMware VMware Virtual USB Mouse: is tagged by udev as: Mouse
[    59.962] (II) event4  - VMware VMware Virtual USB Mouse: device is a pointer
[    59.963] (II) event4  - VMware VMware Virtual USB Mouse: device removed
[    59.964] (**) Option "config_info" "udev:/sys/devices/pci0000:00/0000:00:11.0/0000:02:00.0/usb2/2-1/2-1:1.0/0003:0E0F:0003.0001/input/input5/event4"
[    59.966] (II) XINPUT: Adding extended input device "VMware VMware Virtual USB Mouse" (type: MOUSE, id 7)
[    59.966] (**) Option "AccelerationScheme" "none"
[    59.967] (**) VMware VMware Virtual USB Mouse: (accel) selected scheme none/0
[    59.967] (**) VMware VMware Virtual USB Mouse: (accel) acceleration factor: 2.000
[    59.968] (**) VMware VMware Virtual USB Mouse: (accel) acceleration threshold: 4
[    59.970] (II) event4  - VMware VMware Virtual USB Mouse: is tagged by udev as: Mouse
[    59.971] (II) event4  - VMware VMware Virtual USB Mouse: device is a pointer
[    59.973] (II) config/udev: Adding input device VMware VMware Virtual USB Mouse (/dev/input/mouse2)
[    59.974] (II) No input driver specified, ignoring this device.
[    59.974] (II) This device may have been added with another device file.
[    59.976] (II) config/udev: Adding input device AT Translated Set 2 keyboard (/dev/input/event1)
[    59.976] (**) AT Translated Set 2 keyboard: Applying InputClass "libinput keyboard catchall"
[    59.976] (II) Using input driver 'libinput' for 'AT Translated Set 2 keyboard'
[    59.982] (II) systemd-logind: got fd for /dev/input/event1 13:65 fd 28 paused 0
[    59.982] (**) AT Translated Set 2 keyboard: always reports core events
[    59.982] (**) Option "Device" "/dev/input/event1"
[    59.983] (**) Option "_source" "server/udev"
[    59.985] (II) event1  - AT Translated Set 2 keyboard: is tagged by udev as: Keyboard
[    59.985] (II) event1  - AT Translated Set 2 keyboard: device is a keyboard
[    59.986] (II) event1  - AT Translated Set 2 keyboard: device removed
[    59.986] (**) Option "config_info" "udev:/sys/devices/platform/i8042/serio0/input/input1/event1"
[    59.987] (II) XINPUT: Adding extended input device "AT Translated Set 2 keyboard" (type: KEYBOARD, id 8)
[    59.987] (**) Option "xkb_layout" "us,ru"
[    59.988] (**) Option "xkb_variant" ","
[    59.990] (II) event1  - AT Translated Set 2 keyboard: is tagged by udev as: Keyboard
[    59.991] (II) event1  - AT Translated Set 2 keyboard: device is a keyboard
[    59.993] (II) config/udev: Adding input device VirtualPS/2 VMware VMMouse (/dev/input/event3)
[    59.993] (**) VirtualPS/2 VMware VMMouse: Applying InputClass "libinput pointer catchall"
[    59.994] (II) Using input driver 'libinput' for 'VirtualPS/2 VMware VMMouse'
[    59.997] (II) systemd-logind: got fd for /dev/input/event3 13:67 fd 29 paused 0
[    59.997] (**) VirtualPS/2 VMware VMMouse: always reports core events
[    59.997] (**) Option "Device" "/dev/input/event3"
[    59.997] (**) Option "_source" "server/udev"
[    59.998] (II) event3  - VirtualPS/2 VMware VMMouse: is tagged by udev as: Mouse
[    59.998] (II) event3  - VirtualPS/2 VMware VMMouse: device is a pointer
[    59.999] (II) event3  - VirtualPS/2 VMware VMMouse: device removed
[    59.999] (**) Option "config_info" "udev:/sys/devices/platform/i8042/serio1/input/input3/event3"
[    59.999] (II) XINPUT: Adding extended input device "VirtualPS/2 VMware VMMouse" (type: MOUSE, id 9)
[    59.999] (**) Option "AccelerationScheme" "none"
[    59.999] (**) VirtualPS/2 VMware VMMouse: (accel) selected scheme none/0
[    59.999] (**) VirtualPS/2 VMware VMMouse: (accel) acceleration factor: 2.000
[    59.999] (**) VirtualPS/2 VMware VMMouse: (accel) acceleration threshold: 4
[    60.001] (II) event3  - VirtualPS/2 VMware VMMouse: is tagged by udev as: Mouse
[    60.001] (II) event3  - VirtualPS/2 VMware VMMouse: device is a pointer
[    60.002] (II) config/udev: Adding input device VirtualPS/2 VMware VMMouse (/dev/input/mouse1)
[    60.002] (II) No input driver specified, ignoring this device.
[    60.002] (II) This device may have been added with another device file.
[    60.003] (II) config/udev: Adding input device VirtualPS/2 VMware VMMouse (/dev/input/event2)
[    60.003] (**) VirtualPS/2 VMware VMMouse: Applying InputClass "libinput pointer catchall"
[    60.003] (II) Using input driver 'libinput' for 'VirtualPS/2 VMware VMMouse'
[    60.006] (II) systemd-logind: got fd for /dev/input/event2 13:66 fd 30 paused 0
[    60.007] (**) VirtualPS/2 VMware VMMouse: always reports core events
[    60.007] (**) Option "Device" "/dev/input/event2"
[    60.007] (**) Option "_source" "server/udev"
[    60.009] (II) event2  - VirtualPS/2 VMware VMMouse: is tagged by udev as: Mouse
[    60.010] (II) event2  - VirtualPS/2 VMware VMMouse: device is a pointer
[    60.010] (II) event2  - VirtualPS/2 VMware VMMouse: device removed
[    60.010] (**) Option "config_info" "udev:/sys/devices/platform/i8042/serio1/input/input4/event2"
[    60.011] (II) XINPUT: Adding extended input device "VirtualPS/2 VMware VMMouse" (type: MOUSE, id 10)
[    60.011] (**) Option "AccelerationScheme" "none"
[    60.012] (**) VirtualPS/2 VMware VMMouse: (accel) selected scheme none/0
[    60.012] (**) VirtualPS/2 VMware VMMouse: (accel) acceleration factor: 2.000
[    60.012] (**) VirtualPS/2 VMware VMMouse: (accel) acceleration threshold: 4
[    60.014] (II) event2  - VirtualPS/2 VMware VMMouse: is tagged by udev as: Mouse
[    60.014] (II) event2  - VirtualPS/2 VMware VMMouse: device is a pointer
[    60.016] (II) config/udev: Adding input device VirtualPS/2 VMware VMMouse (/dev/input/mouse0)
[    60.016] (II) No input driver specified, ignoring this device.
[    60.016] (II) This device may have been added with another device file.
[  1215.648] (II) event2  - VirtualPS/2 VMware VMMouse: SYN_DROPPED event - some input events have been lost.
[  6838.354] (EE) client bug: timer event2 debounce: offset negative (-89ms)
[  6849.344] (EE) client bug: timer event2 debounce: offset negative (-80ms)
